<?xml version="1.0" encoding="UTF-8"?>
<testsuite xmlns:xsi="http://www.w3.org/2001/XMLSchema-instance" xsi:noNamespaceSchemaLocation="https://maven.apache.org/surefire/maven-surefire-plugin/xsd/surefire-test-report-3.0.xsd" version="3.0" name="TestSuite" time="41.687" tests="12" errors="0" skipped="0" failures="1">
  <properties>
[...]
</properties>
  <testcase name="successfullUserLogin[public void automationtest.test.LoginTestCases.successfullUserLogin(java.lang.reflect.Method) throws java.lang.InterruptedException,java.io.IOException](1)" classname="automationtest.test.LoginTestCases" time="3.423">
    <system-out><![CDATA[I am in onStart method LoginTestCases
I am in onTestStart method successfullUserLogin start
I am in onTestSuccess method successfullUserLogin succeed
]]></system-out>
    <system-err><![CDATA[SLF4J: Failed to load class "org.slf4j.impl.StaticLoggerBinder".
SLF4J: Defaulting to no-operation (NOP) logger implementation
SLF4J: See http://www.slf4j.org/codes.html#StaticLoggerBinder for further details.
Starting ChromeDriver 101.0.4951.41 (93c720db8323b3ec10d056025ab95c23a31997c9-refs/branch-heads/4951@{#904}) on port 62823
Only local connections are allowed.
Please see https://chromedriver.chromium.org/security-considerations for suggestions on keeping ChromeDriver safe.
ChromeDriver was started successfully.
May 16, 2022 5:41:32 PM org.openqa.selenium.remote.ProtocolHandshake createSession
INFO: Detected dialect: W3C
May 16, 2022 5:41:32 PM org.openqa.selenium.devtools.CdpVersionFinder findNearestMatch
WARNING: Unable to find an exact match for CDP version 101, so returning the closest version found: 97
May 16, 2022 5:41:32 PM org.openqa.selenium.devtools.CdpVersionFinder findNearestMatch
INFO: Found CDP implementation for version 101 of 97
]]></system-err>
  </testcase>
  <testcase name="Inventory[public void automationtest.test.LoginTestCases.Inventory(java.lang.reflect.Method) throws java.lang.InterruptedException](1)" classname="automationtest.test.LoginTestCases" time="3.159">
    <system-out><![CDATA[I am in onTestStart method Inventory start
I am in onTestSuccess method Inventory succeed
]]></system-out>
  </testcase>
  <testcase name="Cart[public void automationtest.test.LoginTestCases.Cart(java.lang.reflect.Method) throws java.lang.InterruptedException](1)" classname="automationtest.test.LoginTestCases" time="3.153">
    <system-out><![CDATA[I am in onTestStart method Cart start
I am in onTestSuccess method Cart succeed
]]></system-out>
  </testcase>
  <testcase name="Checkout1[public void automationtest.test.LoginTestCases.Checkout1(java.lang.reflect.Method) throws java.lang.InterruptedException](1)" classname="automationtest.test.LoginTestCases" time="3.498">
    <system-out><![CDATA[I am in onTestStart method Checkout1 start
I am in onTestSuccess method Checkout1 succeed
]]></system-out>
  </testcase>
  <testcase name="Checkout2[public void automationtest.test.LoginTestCases.Checkout2(java.lang.reflect.Method) throws java.lang.InterruptedException](1)" classname="automationtest.test.LoginTestCases" time="3.239">
    <system-out><![CDATA[I am in onTestStart method Checkout2 start
I am in onTestSuccess method Checkout2 succeed
]]></system-out>
  </testcase>
  <testcase name="Checkout3[public void automationtest.test.LoginTestCases.Checkout3(java.lang.reflect.Method) throws java.lang.InterruptedException](1)" classname="automationtest.test.LoginTestCases" time="0.055">
    <system-out><![CDATA[I am in onTestStart method Checkout3 start
I am in onTestSuccess method Checkout3 succeed
]]></system-out>
  </testcase>
  <testcase name="successfullUserLogin[public void automationtest.test.Verifyfalse.successfullUserLogin(java.lang.reflect.Method) throws java.lang.InterruptedException,java.io.IOException](1)" classname="automationtest.test.Verifyfalse" time="3.273">
    <system-out><![CDATA[I am in onTestStart method successfullUserLogin start
I am in onTestSuccess method successfullUserLogin succeed
]]></system-out>
    <system-err><![CDATA[Starting ChromeDriver 101.0.4951.41 (93c720db8323b3ec10d056025ab95c23a31997c9-refs/branch-heads/4951@{#904}) on port 49188
Only local connections are allowed.
Please see https://chromedriver.chromium.org/security-considerations for suggestions on keeping ChromeDriver safe.
ChromeDriver was started successfully.
May 16, 2022 5:41:52 PM org.openqa.selenium.remote.ProtocolHandshake createSession
INFO: Detected dialect: W3C
May 16, 2022 5:41:52 PM org.openqa.selenium.devtools.CdpVersionFinder findNearestMatch
WARNING: Unable to find an exact match for CDP version 101, so returning the closest version found: 97
May 16, 2022 5:41:52 PM org.openqa.selenium.devtools.CdpVersionFinder findNearestMatch
INFO: Found CDP implementation for version 101 of 97
]]></system-err>
  </testcase>
  <testcase name="Inventory[public void automationtest.test.Verifyfalse.Inventory(java.lang.reflect.Method) throws java.lang.InterruptedException](1)" classname="automationtest.test.Verifyfalse" time="3.156">
    <system-out><![CDATA[I am in onTestStart method Inventory start
I am in onTestSuccess method Inventory succeed
]]></system-out>
  </testcase>
  <testcase name="Cart[public void automationtest.test.Verifyfalse.Cart(java.lang.reflect.Method) throws java.lang.InterruptedException](1)" classname="automationtest.test.Verifyfalse" time="3.136">
    <system-out><![CDATA[I am in onTestStart method Cart start
I am in onTestSuccess method Cart succeed
]]></system-out>
  </testcase>
  <testcase name="Checkout1[public void automationtest.test.Verifyfalse.Checkout1(java.lang.reflect.Method) throws java.lang.InterruptedException](1)" classname="automationtest.test.Verifyfalse" time="3.508">
    <system-out><![CDATA[I am in onTestStart method Checkout1 start
I am in onTestSuccess method Checkout1 succeed
]]></system-out>
  </testcase>
  <testcase name="Checkout2[public void automationtest.test.Verifyfalse.Checkout2(java.lang.reflect.Method) throws java.lang.InterruptedException](1)" classname="automationtest.test.Verifyfalse" time="3.207">
    <system-out><![CDATA[I am in onTestStart method Checkout2 start
I am in onTestSuccess method Checkout2 succeed
]]></system-out>
  </testcase>
  <testcase name="Checkout3[public void automationtest.test.Verifyfalse.Checkout3(java.lang.reflect.Method) throws java.lang.InterruptedException](1)" classname="automationtest.test.Verifyfalse" time="0.19">
    <failure message="expected [rr] but found [THANK YOU FOR YOUR ORDER]" type="java.lang.AssertionError"><![CDATA[java.lang.AssertionError: expected [rr] but found [THANK YOU FOR YOUR ORDER]
	at automationtest.test.Verifyfalse.Checkout3(Verifyfalse.java:98)
]]></failure>
    <system-out><![CDATA[I am in onTestStart method Checkout3 start
I am in onTestFailure method Checkout3 failed
]]></system-out>
  </testcase>
</testsuite>